2022.06.02 10:50:44 INFO  tracing is disabled for protocol LSP, to enable tracing of incoming and outgoing JSON messages create an empty file at c:\Users\Jeferson\OneDrive\Dev\1Projetos\1_Practice\1 Beginner_Practices\SparkScalaCourse\.metals\lsp.trace.json or C:\Users\Jeferson\AppData\Local\scalameta\metals\cache\lsp.trace.json
2022.06.02 10:50:47 INFO  logging to file C:\Users\Jeferson\OneDrive\Dev\1Projetos\1_Practice\1 Beginner_Practices\SparkScalaCourse\.metals\metals.log
2022.06.02 10:50:47 INFO  Started: Metals version 0.11.5 in workspace 'C:\Users\Jeferson\OneDrive\Dev\1Projetos\1_Practice\1 Beginner_Practices\SparkScalaCourse' for client Visual Studio Code 1.67.2.
2022.06.02 10:50:53 INFO  time: initialize in 6.05s
2022.06.02 10:50:55 WARN  Flyway upgrade recommended: H2 2.1.212 is newer than this version of Flyway and support has not been tested. The latest supported version of H2 is 2.1.210.
2022.06.02 10:50:55 WARN  Build server is not auto-connectable.
2022.06.02 10:50:55 WARN  no build tool detected in workspace 'C:\Users\Jeferson\OneDrive\Dev\1Projetos\1_Practice\1 Beginner_Practices\SparkScalaCourse'. The most common cause for this problem is that the editor was opened in the wrong working directory, for example if you use sbt then the workspace directory should contain build.sbt. 
2022.06.02 10:50:56 WARN  no build target for: C:\Users\Jeferson\OneDrive\Dev\1Projetos\1_Practice\1 Beginner_Practices\SparkScalaCourse\SparkScalaCourse\src\main\scala\com\sundogsoftware\spark\HelloWorld.scala
2022.06.02 10:51:03 INFO  no build target found for C:\Users\Jeferson\OneDrive\Dev\1Projetos\1_Practice\1 Beginner_Practices\SparkScalaCourse\SparkScalaCourse\src\main\scala\com\sundogsoftware\spark\HelloWorld.scala. Using presentation compiler with project's scala-library version: 3.1.2
2022.06.02 10:56:26 INFO  shutting down Metals
2022.06.02 11:09:01 INFO  tracing is disabled for protocol LSP, to enable tracing of incoming and outgoing JSON messages create an empty file at c:\Users\Jeferson\OneDrive\Dev\1Projetos\1_Practice\1 Beginner_Practices\SparkScalaCourse\.metals\lsp.trace.json or C:\Users\Jeferson\AppData\Local\scalameta\metals\cache\lsp.trace.json
2022.06.02 11:09:06 INFO  logging to file C:\Users\Jeferson\OneDrive\Dev\1Projetos\1_Practice\1 Beginner_Practices\SparkScalaCourse\.metals\metals.log
2022.06.02 11:09:06 INFO  Started: Metals version 0.11.5 in workspace 'C:\Users\Jeferson\OneDrive\Dev\1Projetos\1_Practice\1 Beginner_Practices\SparkScalaCourse' for client Visual Studio Code 1.67.2.
2022.06.02 11:09:13 INFO  time: initialize in 6.8s
2022.06.02 11:09:15 WARN  Flyway upgrade recommended: H2 2.1.212 is newer than this version of Flyway and support has not been tested. The latest supported version of H2 is 2.1.210.
2022.06.02 11:09:15 WARN  Build server is not auto-connectable.
2022.06.02 11:09:15 WARN  no build tool detected in workspace 'C:\Users\Jeferson\OneDrive\Dev\1Projetos\1_Practice\1 Beginner_Practices\SparkScalaCourse'. The most common cause for this problem is that the editor was opened in the wrong working directory, for example if you use sbt then the workspace directory should contain build.sbt. 
2022.06.02 11:09:16 WARN  no build target for: C:\Users\Jeferson\OneDrive\Dev\1Projetos\1_Practice\1 Beginner_Practices\SparkScalaCourse\SparkScalaCourse\src\main\scala\com\sundogsoftware\spark\HelloWorld.scala
2022.06.02 11:09:28 INFO  no build target found for C:\Users\Jeferson\OneDrive\Dev\1Projetos\1_Practice\1 Beginner_Practices\SparkScalaCourse\SparkScalaCourse\src\main\scala\com\sundogsoftware\spark\HelloWorld.scala. Using presentation compiler with project's scala-library version: 3.1.2
2022.06.02 12:20:01 INFO  shutting down Metals
2022.06.02 19:08:04 INFO  tracing is disabled for protocol LSP, to enable tracing of incoming and outgoing JSON messages create an empty file at c:\Users\Jeferson\OneDrive\Dev\1Projetos\1_Practice\1 Beginner_Practices\SparkScalaCourse\.metals\lsp.trace.json or C:\Users\Jeferson\AppData\Local\scalameta\metals\cache\lsp.trace.json
2022.06.02 19:08:09 INFO  logging to file C:\Users\Jeferson\OneDrive\Dev\1Projetos\1_Practice\1 Beginner_Practices\SparkScalaCourse\.metals\metals.log
2022.06.02 19:08:09 INFO  Started: Metals version 0.11.5 in workspace 'C:\Users\Jeferson\OneDrive\Dev\1Projetos\1_Practice\1 Beginner_Practices\SparkScalaCourse' for client Visual Studio Code 1.67.2.
2022.06.02 19:08:09 WARN  Can't instantiate JavaInteractiveSemanticdb (version: Some(JdkVersion(8)), jdkHome: C:\Java, javac exists: false)
2022.06.02 19:08:10 INFO  time: initialize in 1.65s
2022.06.02 19:08:11 WARN  Flyway upgrade recommended: H2 2.1.212 is newer than this version of Flyway and support has not been tested. The latest supported version of H2 is 2.1.210.
2022.06.02 19:08:12 WARN  Build server is not auto-connectable.
2022.06.02 19:08:12 WARN  no build tool detected in workspace 'C:\Users\Jeferson\OneDrive\Dev\1Projetos\1_Practice\1 Beginner_Practices\SparkScalaCourse'. The most common cause for this problem is that the editor was opened in the wrong working directory, for example if you use sbt then the workspace directory should contain build.sbt. 
2022.06.02 19:08:13 WARN  no build target for: C:\Users\Jeferson\OneDrive\Dev\1Projetos\1_Practice\1 Beginner_Practices\SparkScalaCourse\SparkScalaCourse\src\main\scala\com\sundogsoftware\spark\HelloWorld.scala
2022.06.02 19:08:22 INFO  no build target found for C:\Users\Jeferson\OneDrive\Dev\1Projetos\1_Practice\1 Beginner_Practices\SparkScalaCourse\SparkScalaCourse\src\main\scala\com\sundogsoftware\spark\HelloWorld.scala. Using presentation compiler with project's scala-library version: 3.1.2
2022.06.02 19:08:28 INFO  time: code lens generation in 10s
2022.06.02 19:09:50 INFO  
2022.06.02 19:09:50 INFO  Template applied in C:\Users\Jeferson\OneDrive\Dev\1Projetos\1_Practice\1 Beginner_Practices\SparkScalaCourse\.\hello-world
2022.06.02 19:09:50 INFO  
2022.06.02 19:09:50 INFO  time: ran 'giter8.Giter8' in 20s
2022.06.02 19:42:05 INFO  shutting down Metals
