2022.06.02 19:10:35 INFO  tracing is disabled for protocol LSP, to enable tracing of incoming and outgoing JSON messages create an empty file at c:\Users\Jeferson\OneDrive\Dev\1Projetos\1_Practice\1 Beginner_Practices\SparkScalaCourse\hello-world\.metals\lsp.trace.json or C:\Users\Jeferson\AppData\Local\scalameta\metals\cache\lsp.trace.json
2022.06.02 19:10:39 INFO  logging to file C:\Users\Jeferson\OneDrive\Dev\1Projetos\1_Practice\1 Beginner_Practices\SparkScalaCourse\hello-world\.metals\metals.log
2022.06.02 19:10:39 INFO  Started: Metals version 0.11.5 in workspace 'C:\Users\Jeferson\OneDrive\Dev\1Projetos\1_Practice\1 Beginner_Practices\SparkScalaCourse\hello-world' for client Visual Studio Code 1.67.2.
2022.06.02 19:10:39 WARN  Can't instantiate JavaInteractiveSemanticdb (version: Some(JdkVersion(8)), jdkHome: C:\Java, javac exists: false)
2022.06.02 19:10:40 INFO  time: initialize in 1.21s
2022.06.02 19:10:40 WARN  Flyway upgrade recommended: H2 2.1.212 is newer than this version of Flyway and support has not been tested. The latest supported version of H2 is 2.1.210.
2022.06.02 19:10:40 WARN  Build server is not auto-connectable.
2022.06.02 19:10:42 WARN  no build target for: C:\Users\Jeferson\OneDrive\Dev\1Projetos\1_Practice\1 Beginner_Practices\SparkScalaCourse\hello-world\src\main\scala\Main.scala
2022.06.02 19:10:48 INFO  running 'C:\Java\bin\java -Djline.terminal=jline.UnsupportedTerminal -Dsbt.log.noformat=true -Dfile.encoding=UTF-8 -jar C:\Users\Jeferson\AppData\Local\Temp\metals2785449662324457398\sbt-launch.jar -Dbloop.export-jar-classifiers=sources bloopInstall'
2022.06.02 19:10:50 ERROR [info] [launcher] getting org.scala-sbt sbt 1.6.2  (this may take some time)...
2022.06.02 19:10:52 INFO  no build target found for C:\Users\Jeferson\OneDrive\Dev\1Projetos\1_Practice\1 Beginner_Practices\SparkScalaCourse\hello-world\src\main\scala\Main.scala. Using presentation compiler with project's scala-library version: 3.1.2
2022.06.02 19:10:56 INFO  time: code lens generation in 2.46s
2022.06.02 19:10:56 INFO  time: code lens generation in 10s
2022.06.02 19:13:33 ERROR downloading https://repo1.maven.org/maven2/org/scala-sbt/io_2.12/1.6.0/io_2.12-1.6.0.jar ...
2022.06.02 19:13:33 ERROR downloading https://repo1.maven.org/maven2/org/scala-sbt/sbt/1.6.2/sbt-1.6.2.jar ...
2022.06.02 19:13:33 ERROR :: loading settings :: url = jar:file:/C:/Users/Jeferson/AppData/Local/Temp/metals2785449662324457398/sbt-launch.jar!/org/apache/ivy/core/settings/ivysettings.xml
2022.06.02 19:13:33 ERROR :: loading settings :: url = jar:file:/C:/Users/Jeferson/AppData/Local/Temp/metals2785449662324457398/sbt-launch.jar!/org/apache/ivy/core/settings/ivysettings.xml
2022.06.02 19:13:33 ERROR downloading https://repo1.maven.org/maven2/org/scala-sbt/main_2.12/1.6.2/main_2.12-1.6.2.jar ...
2022.06.02 19:13:33 ERROR downloading https://repo1.maven.org/maven2/org/scala-lang/scala-library/2.12.15/scala-library-2.12.15.jar ...
2022.06.02 19:13:33 ERROR :: loading settings :: url = jar:file:/C:/Users/Jeferson/AppData/Local/Temp/metals2785449662324457398/sbt-launch.jar!/org/apache/ivy/core/settings/ivysettings.xml
2022.06.02 19:13:33 ERROR :: loading settings :: url = jar:file:/C:/Users/Jeferson/AppData/Local/Temp/metals2785449662324457398/sbt-launch.jar!/org/apache/ivy/core/settings/ivysettings.xml
2022.06.02 19:13:33 ERROR 	[SUCCESSFUL ] org.scala-sbt#sbt;1.6.2!sbt.jar (960ms)
2022.06.02 19:13:33 ERROR downloading https://repo1.maven.org/maven2/org/scala-sbt/logic_2.12/1.6.2/logic_2.12-1.6.2.jar ...
2022.06.02 19:13:34 ERROR 	[SUCCESSFUL ] org.scala-sbt#logic_2.12;1.6.2!logic_2.12.jar (833ms)
2022.06.02 19:13:34 ERROR downloading https://repo1.maven.org/maven2/org/scala-sbt/actions_2.12/1.6.2/actions_2.12-1.6.2.jar ...
2022.06.02 19:13:34 ERROR 	[SUCCESSFUL ] org.scala-sbt#io_2.12;1.6.0!io_2.12.jar (2346ms)
2022.06.02 19:13:34 ERROR downloading https://repo1.maven.org/maven2/org/scala-sbt/main-settings_2.12/1.6.2/main-settings_2.12-1.6.2.jar ...
2022.06.02 19:13:35 ERROR 	[SUCCESSFUL ] org.scala-sbt#actions_2.12;1.6.2!actions_2.12.jar (1044ms)
2022.06.02 19:13:35 ERROR downloading https://repo1.maven.org/maven2/org/scala-sbt/run_2.12/1.6.2/run_2.12-1.6.2.jar ...
2022.06.02 19:13:35 ERROR 	[SUCCESSFUL ] org.scala-sbt#main_2.12;1.6.2!main_2.12.jar (2922ms)
2022.06.02 19:13:35 ERROR downloading https://repo1.maven.org/maven2/org/scala-sbt/command_2.12/1.6.2/command_2.12-1.6.2.jar ...
2022.06.02 19:13:35 ERROR 	[SUCCESSFUL ] org.scala-sbt#main-settings_2.12;1.6.2!main-settings_2.12.jar (944ms)
2022.06.02 19:13:35 ERROR downloading https://repo1.maven.org/maven2/org/scala-sbt/collections_2.12/1.6.2/collections_2.12-1.6.2.jar ...
2022.06.02 19:13:35 ERROR 	[SUCCESSFUL ] org.scala-sbt#run_2.12;1.6.2!run_2.12.jar (662ms)
2022.06.02 19:13:35 ERROR downloading https://repo1.maven.org/maven2/org/scala-sbt/scripted-plugin_2.12/1.6.2/scripted-plugin_2.12-1.6.2.jar ...
2022.06.02 19:13:35 ERROR 	[SUCCESSFUL ] org.scala-lang#scala-library;2.12.15!scala-library.jar (3627ms)
2022.06.02 19:13:35 ERROR downloading https://repo1.maven.org/maven2/org/scala-sbt/zinc-lm-integration_2.12/1.6.2/zinc-lm-integration_2.12-1.6.2.jar ...
2022.06.02 19:13:35 ERROR 	[SUCCESSFUL ] org.scala-sbt#command_2.12;1.6.2!command_2.12.jar (910ms)
2022.06.02 19:13:36 ERROR downloading https://repo1.maven.org/maven2/org/scala-sbt/util-logging_2.12/1.6.2/util-logging_2.12-1.6.2.jar ...
2022.06.02 19:13:36 ERROR 	[SUCCESSFUL ] org.scala-sbt#scripted-plugin_2.12;1.6.2!scripted-plugin_2.12.jar (623ms)
2022.06.02 19:13:36 ERROR downloading https://repo1.maven.org/maven2/org/scala-lang/modules/scala-xml_2.12/1.3.0/scala-xml_2.12-1.3.0.jar ...
2022.06.02 19:13:36 ERROR 	[SUCCESSFUL ] org.scala-sbt#collections_2.12;1.6.2!collections_2.12.jar (881ms)
2022.06.02 19:13:36 ERROR downloading https://repo1.maven.org/maven2/org/scala-sbt/launcher-interface/1.3.3/launcher-interface-1.3.3.jar ...
2022.06.02 19:13:36 ERROR 	[SUCCESSFUL ] org.scala-sbt#zinc-lm-integration_2.12;1.6.2!zinc-lm-integration_2.12.jar (629ms)
2022.06.02 19:13:36 ERROR downloading https://repo1.maven.org/maven2/com/github/ben-manes/caffeine/caffeine/2.8.5/caffeine-2.8.5.jar ...
2022.06.02 19:13:36 ERROR 	[SUCCESSFUL ] org.scala-sbt#util-logging_2.12;1.6.2!util-logging_2.12.jar (792ms)
2022.06.02 19:13:36 ERROR downloading https://repo1.maven.org/maven2/io/get-coursier/lm-coursier-shaded_2.12/2.0.10/lm-coursier-shaded_2.12-2.0.10.jar ...
2022.06.02 19:13:38 ERROR 	[SUCCESSFUL ] org.scala-sbt#launcher-interface;1.3.3!launcher-interface.jar (829ms)
2022.06.02 19:13:38 ERROR downloading https://repo1.maven.org/maven2/org/apache/logging/log4j/log4j-api/2.17.1/log4j-api-2.17.1.jar ...
2022.06.02 19:13:38 ERROR 	[SUCCESSFUL ] org.scala-lang.modules#scala-xml_2.12;1.3.0!scala-xml_2.12.jar(bundle) (904ms)
2022.06.02 19:13:38 ERROR downloading https://repo1.maven.org/maven2/org/apache/logging/log4j/log4j-core/2.17.1/log4j-core-2.17.1.jar ...
2022.06.02 19:13:38 ERROR 	[SUCCESSFUL ] com.github.ben-manes.caffeine#caffeine;2.8.5!caffeine.jar (1203ms)
2022.06.02 19:13:38 ERROR downloading https://repo1.maven.org/maven2/org/apache/logging/log4j/log4j-slf4j-impl/2.17.1/log4j-slf4j-impl-2.17.1.jar ...
2022.06.02 19:13:38 ERROR 	[SUCCESSFUL ] org.apache.logging.log4j#log4j-api;2.17.1!log4j-api.jar (824ms)
2022.06.02 19:13:38 ERROR downloading https://repo1.maven.org/maven2/org/scala-sbt/librarymanagement-core_2.12/1.6.1/librarymanagement-core_2.12-1.6.1.jar ...
2022.06.02 19:13:39 ERROR 	[SUCCESSFUL ] org.apache.logging.log4j#log4j-slf4j-impl;2.17.1!log4j-slf4j-impl.jar (736ms)
2022.06.02 19:13:39 ERROR downloading https://repo1.maven.org/maven2/org/scala-sbt/librarymanagement-ivy_2.12/1.6.1/librarymanagement-ivy_2.12-1.6.1.jar ...
2022.06.02 19:13:39 ERROR 	[SUCCESSFUL ] org.apache.logging.log4j#log4j-core;2.17.1!log4j-core.jar (1423ms)
2022.06.02 19:13:39 ERROR downloading https://repo1.maven.org/maven2/org/scala-sbt/compiler-interface/1.6.0/compiler-interface-1.6.0.jar ...
2022.06.02 19:13:39 ERROR 	[SUCCESSFUL ] org.scala-sbt#librarymanagement-core_2.12;1.6.1!librarymanagement-core_2.12.jar (877ms)
2022.06.02 19:13:39 ERROR downloading https://repo1.maven.org/maven2/org/scala-sbt/zinc-compile_2.12/1.6.0/zinc-compile_2.12-1.6.0.jar ...
2022.06.02 19:13:39 ERROR 	[SUCCESSFUL ] org.scala-sbt#librarymanagement-ivy_2.12;1.6.1!librarymanagement-ivy_2.12.jar (849ms)
2022.06.02 19:13:39 ERROR downloading https://repo1.maven.org/maven2/org/scala-sbt/util-relation_2.12/1.6.2/util-relation_2.12-1.6.2.jar ...
2022.06.02 19:13:40 ERROR 	[SUCCESSFUL ] org.scala-sbt#compiler-interface;1.6.0!compiler-interface.jar (830ms)
2022.06.02 19:13:40 ERROR downloading https://repo1.maven.org/maven2/org/scala-sbt/util-position_2.12/1.6.2/util-position_2.12-1.6.2.jar ...
2022.06.02 19:13:40 ERROR 	[SUCCESSFUL ] org.scala-sbt#zinc-compile_2.12;1.6.0!zinc-compile_2.12.jar (767ms)
2022.06.02 19:13:40 ERROR downloading https://repo1.maven.org/maven2/com/eed3si9n/sjson-new-scalajson_2.12/0.9.1/sjson-new-scalajson_2.12-0.9.1.jar ...
2022.06.02 19:13:40 ERROR 	[SUCCESSFUL ] org.scala-sbt#util-relation_2.12;1.6.2!util-relation_2.12.jar (649ms)
2022.06.02 19:13:40 ERROR downloading https://repo1.maven.org/maven2/org/scala-lang/scala-reflect/2.12.15/scala-reflect-2.12.15.jar ...
2022.06.02 19:13:41 ERROR 	[SUCCESSFUL ] io.get-coursier#lm-coursier-shaded_2.12;2.0.10!lm-coursier-shaded_2.12.jar (3748ms)
2022.06.02 19:13:41 ERROR downloading https://repo1.maven.org/maven2/com/eed3si9n/sjson-new-core_2.12/0.9.1/sjson-new-core_2.12-0.9.1.jar ...
2022.06.02 19:13:41 ERROR 	[SUCCESSFUL ] org.scala-sbt#util-position_2.12;1.6.2!util-position_2.12.jar (1198ms)
2022.06.02 19:13:41 ERROR downloading https://repo1.maven.org/maven2/com/eed3si9n/shaded-jawn-parser_2.12/0.9.1/shaded-jawn-parser_2.12-0.9.1.jar ...
2022.06.02 19:13:41 ERROR 	[SUCCESSFUL ] com.eed3si9n#sjson-new-scalajson_2.12;0.9.1!sjson-new-scalajson_2.12.jar (1149ms)
2022.06.02 19:13:41 ERROR downloading https://repo1.maven.org/maven2/com/eed3si9n/shaded-scalajson_2.12/1.0.0-M4/shaded-scalajson_2.12-1.0.0-M4.jar ...
2022.06.02 19:13:41 ERROR 	[SUCCESSFUL ] com.eed3si9n#shaded-scalajson_2.12;1.0.0-M4!shaded-scalajson_2.12.jar (701ms)
2022.06.02 19:13:41 ERROR 	[SUCCESSFUL ] com.eed3si9n#shaded-jawn-parser_2.12;0.9.1!shaded-jawn-parser_2.12.jar (812ms)
2022.06.02 19:13:41 ERROR downloading https://repo1.maven.org/maven2/org/scala-sbt/task-system_2.12/1.6.2/task-system_2.12-1.6.2.jar ...
2022.06.02 19:13:41 ERROR downloading https://repo1.maven.org/maven2/org/scala-sbt/completion_2.12/1.6.2/completion_2.12-1.6.2.jar ...
2022.06.02 19:13:42 ERROR 	[SUCCESSFUL ] com.eed3si9n#sjson-new-core_2.12;0.9.1!sjson-new-core_2.12.jar (1065ms)
2022.06.02 19:13:42 ERROR downloading https://repo1.maven.org/maven2/org/scala-sbt/tasks_2.12/1.6.2/tasks_2.12-1.6.2.jar ...
2022.06.02 19:13:42 ERROR 	[SUCCESSFUL ] org.scala-lang#scala-reflect;2.12.15!scala-reflect.jar (1854ms)
2022.06.02 19:13:42 ERROR downloading https://repo1.maven.org/maven2/org/scala-sbt/testing_2.12/1.6.2/testing_2.12-1.6.2.jar ...
2022.06.02 19:13:42 ERROR 	[SUCCESSFUL ] org.scala-sbt#task-system_2.12;1.6.2!task-system_2.12.jar (810ms)
2022.06.02 19:13:42 ERROR downloading https://repo1.maven.org/maven2/org/scala-sbt/util-tracking_2.12/1.6.2/util-tracking_2.12-1.6.2.jar ...
2022.06.02 19:13:42 ERROR 	[SUCCESSFUL ] org.scala-sbt#tasks_2.12;1.6.2!tasks_2.12.jar (698ms)
2022.06.02 19:13:42 ERROR downloading https://repo1.maven.org/maven2/org/jline/jline-terminal/3.19.0/jline-terminal-3.19.0.jar ...
2022.06.02 19:13:42 ERROR 	[SUCCESSFUL ] org.scala-sbt#completion_2.12;1.6.2!completion_2.12.jar (843ms)
2022.06.02 19:13:42 ERROR downloading https://repo1.maven.org/maven2/org/scala-sbt/zinc-classpath_2.12/1.6.0/zinc-classpath_2.12-1.6.0.jar ...
2022.06.02 19:13:43 ERROR 	[SUCCESSFUL ] org.scala-sbt#testing_2.12;1.6.2!testing_2.12.jar (909ms)
2022.06.02 19:13:43 ERROR downloading https://repo1.maven.org/maven2/org/scala-sbt/zinc-apiinfo_2.12/1.6.0/zinc-apiinfo_2.12-1.6.0.jar ...
2022.06.02 19:13:43 ERROR 	[SUCCESSFUL ] org.scala-sbt#zinc-classpath_2.12;1.6.0!zinc-classpath_2.12.jar (819ms)
2022.06.02 19:13:43 ERROR downloading https://repo1.maven.org/maven2/org/scala-sbt/zinc_2.12/1.6.0/zinc_2.12-1.6.0.jar ...
2022.06.02 19:13:43 ERROR 	[SUCCESSFUL ] org.scala-sbt#util-tracking_2.12;1.6.2!util-tracking_2.12.jar (956ms)
2022.06.02 19:13:43 ERROR downloading https://repo1.maven.org/maven2/org/scala-sbt/util-control_2.12/1.6.2/util-control_2.12-1.6.2.jar ...
2022.06.02 19:13:43 ERROR 	[SUCCESSFUL ] org.scala-sbt#zinc-apiinfo_2.12;1.6.0!zinc-apiinfo_2.12.jar (836ms)
2022.06.02 19:13:43 ERROR downloading https://repo1.maven.org/maven2/org/scala-sbt/jline/jline/2.14.7-sbt-a1b0ffbb8f64bb820f4f84a0c07a0c0964507493/jline-2.14.7-sbt-a1b0ffbb8f64bb820f4f84a0c07a0c0964507493.jar ...
2022.06.02 19:13:44 ERROR 	[SUCCESSFUL ] org.jline#jline-terminal;3.19.0!jline-terminal.jar (1428ms)
2022.06.02 19:13:44 ERROR downloading https://repo1.maven.org/maven2/org/jline/jline-reader/3.19.0/jline-reader-3.19.0.jar ...
2022.06.02 19:13:44 ERROR 	[SUCCESSFUL ] org.scala-sbt#zinc_2.12;1.6.0!zinc_2.12.jar (1046ms)
2022.06.02 19:13:44 ERROR downloading https://repo1.maven.org/maven2/org/jline/jline-builtins/3.19.0/jline-builtins-3.19.0.jar ...
2022.06.02 19:13:44 ERROR 	[SUCCESSFUL ] org.scala-sbt#util-control_2.12;1.6.2!util-control_2.12.jar (1011ms)
2022.06.02 19:13:44 ERROR downloading https://repo1.maven.org/maven2/org/scala-sbt/util-interface/1.6.2/util-interface-1.6.2.jar ...
2022.06.02 19:13:44 ERROR 	[SUCCESSFUL ] org.scala-sbt.jline#jline;2.14.7-sbt-a1b0ffbb8f64bb820f4f84a0c07a0c0964507493!jline.jar (820ms)
2022.06.02 19:13:44 ERROR downloading https://repo1.maven.org/maven2/org/scala-sbt/core-macros_2.12/1.6.2/core-macros_2.12-1.6.2.jar ...
2022.06.02 19:13:44 ERROR 	[SUCCESSFUL ] org.jline#jline-reader;3.19.0!jline-reader.jar (683ms)
2022.06.02 19:13:44 ERROR downloading https://repo1.maven.org/maven2/org/jline/jline-terminal-jna/3.19.0/jline-terminal-jna-3.19.0.jar ...
2022.06.02 19:13:45 ERROR 	[SUCCESSFUL ] org.scala-sbt#util-interface;1.6.2!util-interface.jar (695ms)
2022.06.02 19:13:45 ERROR downloading https://repo1.maven.org/maven2/org/jline/jline-terminal-jansi/3.19.0/jline-terminal-jansi-3.19.0.jar ...
2022.06.02 19:13:45 ERROR 	[SUCCESSFUL ] org.jline#jline-builtins;3.19.0!jline-builtins.jar (783ms)
2022.06.02 19:13:45 ERROR downloading https://repo1.maven.org/maven2/com/lmax/disruptor/3.4.2/disruptor-3.4.2.jar ...
2022.06.02 19:13:45 ERROR 	[SUCCESSFUL ] org.jline#jline-terminal-jna;3.19.0!jline-terminal-jna.jar (691ms)
2022.06.02 19:13:45 ERROR 	[SUCCESSFUL ] org.scala-sbt#core-macros_2.12;1.6.2!core-macros_2.12.jar (821ms)
2022.06.02 19:13:45 ERROR downloading https://repo1.maven.org/maven2/org/fusesource/jansi/jansi/2.1.0/jansi-2.1.0.jar ...
2022.06.02 19:13:45 ERROR downloading https://repo1.maven.org/maven2/org/scala-lang/scala-compiler/2.12.15/scala-compiler-2.12.15.jar ...
2022.06.02 19:13:45 ERROR 	[SUCCESSFUL ] com.lmax#disruptor;3.4.2!disruptor.jar (730ms)
2022.06.02 19:13:45 ERROR downloading https://repo1.maven.org/maven2/com/swoval/file-tree-views/2.1.7/file-tree-views-2.1.7.jar ...
2022.06.02 19:13:45 ERROR 	[SUCCESSFUL ] org.jline#jline-terminal-jansi;3.19.0!jline-terminal-jansi.jar (847ms)
2022.06.02 19:13:45 ERROR downloading https://repo1.maven.org/maven2/net/java/dev/jna/jna/5.8.0/jna-5.8.0.jar ...
2022.06.02 19:13:45 ERROR 	[SUCCESSFUL ] org.fusesource.jansi#jansi;2.1.0!jansi.jar (772ms)
2022.06.02 19:13:45 ERROR downloading https://repo1.maven.org/maven2/net/java/dev/jna/jna-platform/5.8.0/jna-platform-5.8.0.jar ...
2022.06.02 19:13:47 ERROR 	[SUCCESSFUL ] com.swoval#file-tree-views;2.1.7!file-tree-views.jar (915ms)
2022.06.02 19:13:47 ERROR downloading https://repo1.maven.org/maven2/org/jline/jline-style/3.19.0/jline-style-3.19.0.jar ...
2022.06.02 19:13:47 ERROR 	[SUCCESSFUL ] net.java.dev.jna#jna-platform;5.8.0!jna-platform.jar (1180ms)
2022.06.02 19:13:47 ERROR downloading https://repo1.maven.org/maven2/org/scala-sbt/util-cache_2.12/1.6.2/util-cache_2.12-1.6.2.jar ...
2022.06.02 19:13:47 ERROR 	[SUCCESSFUL ] net.java.dev.jna#jna;5.8.0!jna.jar (1316ms)
2022.06.02 19:13:47 ERROR downloading https://repo1.maven.org/maven2/com/eed3si9n/sjson-new-murmurhash_2.12/0.9.1/sjson-new-murmurhash_2.12-0.9.1.jar ...
2022.06.02 19:13:47 ERROR 	[SUCCESSFUL ] org.jline#jline-style;3.19.0!jline-style.jar (831ms)
2022.06.02 19:13:47 ERROR downloading https://repo1.maven.org/maven2/org/scala-sbt/test-agent/1.6.2/test-agent-1.6.2.jar ...
2022.06.02 19:13:48 ERROR 	[SUCCESSFUL ] org.scala-sbt#util-cache_2.12;1.6.2!util-cache_2.12.jar (661ms)
2022.06.02 19:13:48 ERROR downloading https://repo1.maven.org/maven2/org/scala-sbt/test-interface/1.0/test-interface-1.0.jar ...
2022.06.02 19:13:48 ERROR 	[SUCCESSFUL ] com.eed3si9n#sjson-new-murmurhash_2.12;0.9.1!sjson-new-murmurhash_2.12.jar (688ms)
2022.06.02 19:13:48 ERROR downloading https://repo1.maven.org/maven2/org/scala-sbt/compiler-bridge_2.12/1.6.0/compiler-bridge_2.12-1.6.0.jar ...
2022.06.02 19:13:48 ERROR 	[SUCCESSFUL ] org.scala-sbt#test-agent;1.6.2!test-agent.jar (879ms)
2022.06.02 19:13:48 ERROR downloading https://repo1.maven.org/maven2/org/scala-sbt/zinc-classfile_2.12/1.6.0/zinc-classfile_2.12-1.6.0.jar ...
2022.06.02 19:13:48 ERROR 	[SUCCESSFUL ] org.scala-lang#scala-compiler;2.12.15!scala-compiler.jar (3271ms)
2022.06.02 19:13:48 ERROR downloading https://repo1.maven.org/maven2/com/jcraft/jsch/0.1.54/jsch-0.1.54.jar ...
2022.06.02 19:13:48 ERROR 	[SUCCESSFUL ] org.scala-sbt#test-interface;1.0!test-interface.jar (713ms)
2022.06.02 19:13:48 ERROR downloading https://repo1.maven.org/maven2/com/eed3si9n/gigahorse-okhttp_2.12/0.5.0/gigahorse-okhttp_2.12-0.5.0.jar ...
2022.06.02 19:13:48 ERROR 	[SUCCESSFUL ] org.scala-sbt#compiler-bridge_2.12;1.6.0!compiler-bridge_2.12.jar (786ms)
2022.06.02 19:13:48 ERROR downloading https://repo1.maven.org/maven2/com/squareup/okhttp3/okhttp-urlconnection/3.7.0/okhttp-urlconnection-3.7.0.jar ...
2022.06.02 19:13:49 ERROR 	[SUCCESSFUL ] org.scala-sbt#zinc-classfile_2.12;1.6.0!zinc-classfile_2.12.jar (721ms)
2022.06.02 19:13:49 ERROR downloading https://repo1.maven.org/maven2/com/eed3si9n/gigahorse-core_2.12/0.5.0/gigahorse-core_2.12-0.5.0.jar ...
2022.06.02 19:13:49 ERROR 	[SUCCESSFUL ] com.jcraft#jsch;0.1.54!jsch.jar (698ms)
2022.06.02 19:13:49 ERROR downloading https://repo1.maven.org/maven2/com/squareup/okhttp3/okhttp/3.14.2/okhttp-3.14.2.jar ...
2022.06.02 19:13:49 ERROR 	[SUCCESSFUL ] com.eed3si9n#gigahorse-okhttp_2.12;0.5.0!gigahorse-okhttp_2.12.jar (857ms)
2022.06.02 19:13:49 ERROR downloading https://repo1.maven.org/maven2/com/typesafe/ssl-config-core_2.12/0.4.0/ssl-config-core_2.12-0.4.0.jar ...
2022.06.02 19:13:49 ERROR 	[SUCCESSFUL ] com.squareup.okhttp3#okhttp-urlconnection;3.7.0!okhttp-urlconnection.jar (833ms)
2022.06.02 19:13:49 ERROR downloading https://repo1.maven.org/maven2/org/reactivestreams/reactive-streams/1.0.2/reactive-streams-1.0.2.jar ...
2022.06.02 19:13:49 ERROR 	[SUCCESSFUL ] com.eed3si9n#gigahorse-core_2.12;0.5.0!gigahorse-core_2.12.jar (629ms)
2022.06.02 19:13:49 ERROR downloading https://repo1.maven.org/maven2/org/slf4j/slf4j-api/1.7.26/slf4j-api-1.7.26.jar ...
2022.06.02 19:13:49 ERROR 	[SUCCESSFUL ] com.squareup.okhttp3#okhttp;3.14.2!okhttp.jar (766ms)
2022.06.02 19:13:49 ERROR downloading https://repo1.maven.org/maven2/org/scala-lang/modules/scala-parser-combinators_2.12/1.1.2/scala-parser-combinators_2.12-1.1.2.jar ...
2022.06.02 19:13:51 ERROR 	[SUCCESSFUL ] org.reactivestreams#reactive-streams;1.0.2!reactive-streams.jar (709ms)
2022.06.02 19:13:51 ERROR downloading https://repo1.maven.org/maven2/com/typesafe/config/1.3.3/config-1.3.3.jar ...
2022.06.02 19:13:51 ERROR 	[SUCCESSFUL ] com.typesafe#ssl-config-core_2.12;0.4.0!ssl-config-core_2.12.jar(bundle) (850ms)
2022.06.02 19:13:51 ERROR downloading https://repo1.maven.org/maven2/com/squareup/okio/okio/1.17.2/okio-1.17.2.jar ...
2022.06.02 19:13:51 ERROR 	[SUCCESSFUL ] org.slf4j#slf4j-api;1.7.26!slf4j-api.jar (818ms)
2022.06.02 19:13:51 ERROR downloading https://repo1.maven.org/maven2/org/scala-sbt/zinc-core_2.12/1.6.0/zinc-core_2.12-1.6.0.jar ...
2022.06.02 19:13:51 ERROR 	[SUCCESSFUL ] org.scala-lang.modules#scala-parser-combinators_2.12;1.1.2!scala-parser-combinators_2.12.jar(bundle) (688ms)
2022.06.02 19:13:51 ERROR downloading https://repo1.maven.org/maven2/org/scala-sbt/zinc-persist_2.12/1.6.0/zinc-persist_2.12-1.6.0.jar ...
2022.06.02 19:13:51 ERROR 	[SUCCESSFUL ] com.squareup.okio#okio;1.17.2!okio.jar (700ms)
2022.06.02 19:13:51 ERROR downloading https://repo1.maven.org/maven2/org/scala-sbt/zinc-compile-core_2.12/1.6.0/zinc-compile-core_2.12-1.6.0.jar ...
2022.06.02 19:13:51 ERROR 	[SUCCESSFUL ] com.typesafe#config;1.3.3!config.jar(bundle) (773ms)
2022.06.02 19:13:51 ERROR downloading https://repo1.maven.org/maven2/org/scala-sbt/zinc-persist-core-assembly/1.6.0/zinc-persist-core-assembly-1.6.0.jar ...
2022.06.02 19:13:52 ERROR 	[SUCCESSFUL ] org.scala-sbt#zinc-core_2.12;1.6.0!zinc-core_2.12.jar (726ms)
2022.06.02 19:13:52 ERROR downloading https://repo1.maven.org/maven2/net/openhft/zero-allocation-hashing/0.10.1/zero-allocation-hashing-0.10.1.jar ...
2022.06.02 19:13:52 ERROR 	[SUCCESSFUL ] org.scala-sbt#zinc-persist_2.12;1.6.0!zinc-persist_2.12.jar (698ms)
2022.06.02 19:13:52 ERROR downloading https://repo1.maven.org/maven2/org/scala-sbt/sbinary_2.12/0.5.1/sbinary_2.12-0.5.1.jar ...
2022.06.02 19:13:52 ERROR 	[SUCCESSFUL ] org.scala-sbt#zinc-compile-core_2.12;1.6.0!zinc-compile-core_2.12.jar (754ms)
2022.06.02 19:13:52 ERROR downloading https://repo1.maven.org/maven2/org/scala-sbt/protocol_2.12/1.6.2/protocol_2.12-1.6.2.jar ...
2022.06.02 19:13:52 ERROR 	[SUCCESSFUL ] org.scala-sbt#sbinary_2.12;0.5.1!sbinary_2.12.jar (644ms)
2022.06.02 19:13:52 ERROR downloading https://repo1.maven.org/maven2/org/scala-sbt/template-resolver/0.1/template-resolver-0.1.jar ...
2022.06.02 19:13:52 ERROR 	[SUCCESSFUL ] net.openhft#zero-allocation-hashing;0.10.1!zero-allocation-hashing.jar(bundle) (659ms)
2022.06.02 19:13:52 ERROR downloading https://repo1.maven.org/maven2/org/scala-sbt/ipcsocket/ipcsocket/1.3.1/ipcsocket-1.3.1.jar ...
2022.06.02 19:13:53 ERROR 	[SUCCESSFUL ] org.scala-sbt#zinc-persist-core-assembly;1.6.0!zinc-persist-core-assembly.jar (1508ms)
2022.06.02 19:13:53 ERROR downloading https://repo1.maven.org/maven2/org/checkerframework/checker-qual/3.4.1/checker-qual-3.4.1.jar ...
2022.06.02 19:13:53 ERROR 	[SUCCESSFUL ] org.scala-sbt#template-resolver;0.1!template-resolver.jar (603ms)
2022.06.02 19:13:53 ERROR downloading https://repo1.maven.org/maven2/com/google/errorprone/error_prone_annotations/2.4.0/error_prone_annotations-2.4.0.jar ...
2022.06.02 19:13:53 ERROR 	[SUCCESSFUL ] org.scala-sbt.ipcsocket#ipcsocket;1.3.1!ipcsocket.jar (679ms)
2022.06.02 19:13:53 ERROR downloading https://repo1.maven.org/maven2/org/scala-lang/modules/scala-collection-compat_2.12/2.6.0/scala-collection-compat_2.12-2.6.0.jar ...
2022.06.02 19:13:53 ERROR 	[SUCCESSFUL ] org.scala-sbt#protocol_2.12;1.6.2!protocol_2.12.jar (1116ms)
2022.06.02 19:13:53 ERROR downloading https://repo1.maven.org/maven2/org/scala-sbt/ivy/ivy/2.3.0-sbt-fbc4f586aeeb1591710b14eb4f41b94880dcd745/ivy-2.3.0-sbt-fbc4f586aeeb1591710b14eb4f41b94880dcd745.jar ...
2022.06.02 19:13:53 ERROR 	[SUCCESSFUL ] com.google.errorprone#error_prone_annotations;2.4.0!error_prone_annotations.jar (687ms)
2022.06.02 19:13:53 ERROR 	[SUCCESSFUL ] org.checkerframework#checker-qual;3.4.1!checker-qual.jar (781ms)
2022.06.02 19:13:53 ERROR 	[SUCCESSFUL ] org.scala-lang.modules#scala-collection-compat_2.12;2.6.0!scala-collection-compat_2.12.jar (688ms)
2022.06.02 19:13:54 ERROR 	[SUCCESSFUL ] org.scala-sbt.ivy#ivy;2.3.0-sbt-fbc4f586aeeb1591710b14eb4f41b94880dcd745!ivy.jar (1081ms)
2022.06.02 19:13:54 ERROR :: retrieving :: org.scala-sbt#boot-app
2022.06.02 19:13:54 ERROR 	confs: [default]
2022.06.02 19:13:55 ERROR 	83 artifacts copied, 0 already retrieved
2022.06.02 19:13:55 ERROR [info] [launcher] getting Scala 2.12.15 (for sbt)...
2022.06.02 19:13:58 ERROR downloading https://repo1.maven.org/maven2/org/scala-lang/modules/scala-xml_2.12/1.0.6/scala-xml_2.12-1.0.6.jar ...
2022.06.02 19:13:58 ERROR downloading https://repo1.maven.org/maven2/jline/jline/2.14.6/jline-2.14.6.jar ...
2022.06.02 19:13:58 ERROR 	[SUCCESSFUL ] jline#jline;2.14.6!jline.jar (689ms)
2022.06.02 19:13:58 ERROR 	[SUCCESSFUL ] org.scala-lang.modules#scala-xml_2.12;1.0.6!scala-xml_2.12.jar(bundle) (794ms)
2022.06.02 19:13:58 ERROR :: retrieving :: org.scala-sbt#boot-scala
2022.06.02 19:13:58 ERROR 	confs: [default]
2022.06.02 19:13:58 ERROR 	5 artifacts copied, 0 already retrieved
2022.06.02 19:14:03 INFO  [info] welcome to sbt 1.6.2 (Oracle Corporation Java 1.8.0_333)
2022.06.02 19:14:11 INFO  [info] loading settings for project hello-world-build-build from metals.sbt ...
2022.06.02 19:14:14 INFO  [info] loading project definition from C:\Users\Jeferson\OneDrive\Dev\1Projetos\1_Practice\1 Beginner_Practices\SparkScalaCourse\hello-world\project\project
2022.06.02 19:14:36 INFO  [info] loading settings for project hello-world-build from metals.sbt ...
2022.06.02 19:14:36 INFO  [info] loading project definition from C:\Users\Jeferson\OneDrive\Dev\1Projetos\1_Practice\1 Beginner_Practices\SparkScalaCourse\hello-world\project
2022.06.02 19:14:45 INFO  [success] Generated .bloop\hello-world-build.json
2022.06.02 19:14:45 INFO  [success] Total time: 9 s, completed 02/06/2022 19:14:45
2022.06.02 19:14:49 INFO  [info] loading settings for project hello-world from build.sbt ...
2022.06.02 19:14:49 INFO  [info] set current project to hello-world (in build file:/C:/Users/Jeferson/OneDrive/Dev/1Projetos/1_Practice/1%20Beginner_Practices/SparkScalaCourse/hello-world/)
2022.06.02 19:14:51 INFO  [success] Generated .bloop\hello-world-test.json
2022.06.02 19:14:51 INFO  [success] Generated .bloop\hello-world.json
2022.06.02 19:14:51 INFO  [success] Total time: 1 s, completed 02/06/2022 19:14:51
2022.06.02 19:14:51 INFO  time: ran 'sbt bloopInstall' in 4m3s
2022.06.02 19:14:51 INFO  Attempting to connect to the build server...
2022.06.02 19:15:10 INFO  tracing is disabled for protocol BSP, to enable tracing of incoming and outgoing JSON messages create an empty file at C:\Users\Jeferson\OneDrive\Dev\1Projetos\1_Practice\1 Beginner_Practices\SparkScalaCourse\hello-world\.metals\bsp.trace.json or C:\Users\Jeferson\AppData\Local\scalameta\metals\cache\bsp.trace.json
2022.06.02 19:15:12 INFO  Attempting to connect to the build server...
2022.06.02 19:15:12 INFO  tracing is disabled for protocol BSP, to enable tracing of incoming and outgoing JSON messages create an empty file at C:\Users\Jeferson\OneDrive\Dev\1Projetos\1_Practice\1 Beginner_Practices\SparkScalaCourse\hello-world\project\.metals\bsp.trace.json or C:\Users\Jeferson\AppData\Local\scalameta\metals\cache\bsp.trace.json
2022.06.02 19:15:13 INFO  time: Connected to build server in 21s
2022.06.02 19:15:13 INFO  Connected to Build server: Bloop v1.5.0
2022.06.02 19:15:12 INFO  time: Imported build in 0.32s
2022.06.02 19:15:17 WARN  Could not find java sources in C:\src.zip, C:\lib\src.zip, C:\Java\src.zip, C:\Java\lib\src.zip. Java symbols will not be available.
2022.06.02 19:15:28 WARN  Could not find java sources in C:\src.zip, C:\lib\src.zip, C:\Java\src.zip, C:\Java\lib\src.zip. Java symbols will not be available.
2022.06.02 19:15:28 INFO  time: indexed workspace in 15s
2022.06.02 19:15:32 INFO  compiling hello-world (1 scala source)
2022.06.02 19:15:44 INFO  time: compiled hello-world in 11s
jun 02, 2022 8:08:36 PM org.eclipse.lsp4j.jsonrpc.services.GenericEndpoint notify
INFORMAÇÕES: Unsupported notification method: $/setTrace
2022.06.02 20:12:35 INFO  
2022.06.02 20:12:35 INFO  Template applied in C:\Users\Jeferson\OneDrive\Dev\1Projetos\1_Practice\1 Beginner_Practices\SparkScalaCourse\.\scala3
2022.06.02 20:12:35 INFO  
2022.06.02 20:12:35 INFO  time: ran 'giter8.Giter8' in 18s
2022.06.02 20:12:51 INFO  shutting down Metals
2022.06.02 22:28:51 INFO  tracing is disabled for protocol LSP, to enable tracing of incoming and outgoing JSON messages create an empty file at c:\Users\Jeferson\OneDrive\Dev\1Projetos\1_Practice\1 Beginner_Practices\SparkScalaCourse\hello-world\.metals\lsp.trace.json or C:\Users\Jeferson\AppData\Local\scalameta\metals\cache\lsp.trace.json
2022.06.02 22:28:55 INFO  logging to file C:\Users\Jeferson\OneDrive\Dev\1Projetos\1_Practice\1 Beginner_Practices\SparkScalaCourse\hello-world\.metals\metals.log
2022.06.02 22:28:55 INFO  Started: Metals version 0.11.5 in workspace 'C:\Users\Jeferson\OneDrive\Dev\1Projetos\1_Practice\1 Beginner_Practices\SparkScalaCourse\hello-world' for client Visual Studio Code 1.67.2.
2022.06.02 22:29:03 INFO  time: initialize in 7.61s
2022.06.02 22:29:03 WARN  Flyway upgrade recommended: H2 2.1.212 is newer than this version of Flyway and support has not been tested. The latest supported version of H2 is 2.1.210.
2022.06.02 22:29:05 INFO  Attempting to connect to the build server...
2022.06.02 22:29:05 INFO  skipping build import with status 'Installed'
2022.06.02 22:29:05 INFO  tracing is disabled for protocol BSP, to enable tracing of incoming and outgoing JSON messages create an empty file at C:\Users\Jeferson\OneDrive\Dev\1Projetos\1_Practice\1 Beginner_Practices\SparkScalaCourse\hello-world\.metals\bsp.trace.json or C:\Users\Jeferson\AppData\Local\scalameta\metals\cache\bsp.trace.json
2022.06.02 22:29:05 INFO  Attempting to connect to the build server...
2022.06.02 22:29:05 INFO  tracing is disabled for protocol BSP, to enable tracing of incoming and outgoing JSON messages create an empty file at C:\Users\Jeferson\OneDrive\Dev\1Projetos\1_Practice\1 Beginner_Practices\SparkScalaCourse\hello-world\project\.metals\bsp.trace.json or C:\Users\Jeferson\AppData\Local\scalameta\metals\cache\bsp.trace.json
2022.06.02 22:29:06 ERROR No `release` file found in C:\Java - using Bloop's JVM version 18.0.1.1
2022.06.02 22:29:05 INFO  time: Connected to build server in 1.43s
2022.06.02 22:29:05 INFO  Connected to Build server: Bloop v1.5.0
2022.06.02 22:29:06 INFO  time: Imported build in 0.28s
2022.06.02 22:29:17 INFO  time: indexed workspace in 10s
2022.06.02 22:29:17 INFO  compiling hello-world (1 scala source)
2022.06.02 22:29:37 INFO  Disconnecting from Bloop session...
2022.06.02 22:29:37 INFO  Shut down connection with build server.
2022.06.02 22:29:37 INFO  Shut down connection with build server.
2022.06.02 22:29:37 INFO  Attempting to connect to the build server...
2022.06.02 22:29:37 ERROR Unexpected error initializing server
scala.meta.internal.metals.MetalsBspException: BSP connection failed in the attempt to get: CompileResult.  Boxed Exception
	at scala.meta.internal.metals.BuildServerConnection$$anonfun$1.$anonfun$applyOrElse$4(BuildServerConnection.scala:300)
	at scala.Option.getOrElse(Option.scala:201)
	at scala.meta.internal.metals.BuildServerConnection$$anonfun$1.applyOrElse(BuildServerConnection.scala:298)
	at scala.meta.internal.metals.BuildServerConnection$$anonfun$1.applyOrElse(BuildServerConnection.scala:286)
	at scala.concurrent.impl.Promise$Transformation.run(Promise.scala:490)
	at java.util.concurrent.ThreadPoolExecutor.runWorker(ThreadPoolExecutor.java:1136)
	at java.util.concurrent.ThreadPoolExecutor$Worker.run(ThreadPoolExecutor.java:635)
	at java.lang.Thread.run(Thread.java:833)

2022.06.02 22:29:37 INFO  tracing is disabled for protocol BSP, to enable tracing of incoming and outgoing JSON messages create an empty file at C:\Users\Jeferson\OneDrive\Dev\1Projetos\1_Practice\1 Beginner_Practices\SparkScalaCourse\hello-world\.metals\bsp.trace.json or C:\Users\Jeferson\AppData\Local\scalameta\metals\cache\bsp.trace.json
2022.06.02 22:29:37 INFO  Attempting to connect to the build server...
2022.06.02 22:29:37 INFO  tracing is disabled for protocol BSP, to enable tracing of incoming and outgoing JSON messages create an empty file at C:\Users\Jeferson\OneDrive\Dev\1Projetos\1_Practice\1 Beginner_Practices\SparkScalaCourse\hello-world\project\.metals\bsp.trace.json or C:\Users\Jeferson\AppData\Local\scalameta\metals\cache\bsp.trace.json
2022.06.02 22:29:37 INFO  time: Connected to build server in 0.35s
2022.06.02 22:29:37 INFO  Connected to Build server: Bloop v1.5.0
2022.06.02 22:29:37 INFO  time: Imported build in 0.18s
2022.06.02 22:29:42 INFO  running 'C:\Program Files\Java\jdk-18.0.1.1\bin\java -Djline.terminal=jline.UnsupportedTerminal -Dsbt.log.noformat=true -Dfile.encoding=UTF-8 -jar C:\Users\Jeferson\AppData\Local\Temp\metals211033357113873936\sbt-launch.jar -Dbloop.export-jar-classifiers=sources bloopInstall'
2022.06.02 22:29:53 INFO  [info] welcome to sbt 1.6.2 (Oracle Corporation Java 18.0.1.1)
2022.06.02 22:29:56 INFO  time: indexed workspace in 18s
2022.06.02 22:29:56 INFO  Deduplicating compilation of hello-world from bsp client 'Metals 0.11.5' (since 50.359s)
2022.06.02 22:29:56 INFO  compiling hello-world (1 scala source)
2022.06.02 22:29:56 INFO  [info] loading settings for project hello-world-build-build from metals.sbt ...
2022.06.02 22:29:59 INFO  [info] loading project definition from C:\Users\Jeferson\OneDrive\Dev\1Projetos\1_Practice\1 Beginner_Practices\SparkScalaCourse\hello-world\project\project
2022.06.02 22:30:03 INFO  [info] loading settings for project hello-world-build from metals.sbt ...
2022.06.02 22:30:03 INFO  [info] loading project definition from C:\Users\Jeferson\OneDrive\Dev\1Projetos\1_Practice\1 Beginner_Practices\SparkScalaCourse\hello-world\project
2022.06.02 22:30:04 INFO  time: compiled hello-world in 8.03s
2022.06.02 22:30:04 INFO  compiling hello-world (1 scala source)
2022.06.02 22:30:09 INFO  time: compiled hello-world in 5.05s
2022.06.02 22:30:16 INFO  [success] Generated .bloop\hello-world-build.json
2022.06.02 22:30:16 INFO  [success] Total time: 12 s, completed 2 de jun. de 2022 22:30:16
2022.06.02 22:30:16 INFO  [info] loading settings for project hello-world from build.sbt ...
2022.06.02 22:30:17 INFO  [info] set current project to hello-world (in build file:/C:/Users/Jeferson/OneDrive/Dev/1Projetos/1_Practice/1%20Beginner_Practices/SparkScalaCourse/hello-world/)
2022.06.02 22:30:17 INFO  [success] Generated .bloop\hello-world.json
2022.06.02 22:30:17 INFO  [success] Generated .bloop\hello-world-test.json
2022.06.02 22:30:17 INFO  [success] Total time: 1 s, completed 2 de jun. de 2022 22:30:18
2022.06.02 22:30:18 INFO  time: ran 'sbt bloopInstall' in 35s
2022.06.02 22:30:18 INFO  Disconnecting from Bloop session...
2022.06.02 22:30:18 INFO  Shut down connection with build server.
2022.06.02 22:30:18 INFO  Shut down connection with build server.
2022.06.02 22:30:18 INFO  Attempting to connect to the build server...
2022.06.02 22:30:18 INFO  tracing is disabled for protocol BSP, to enable tracing of incoming and outgoing JSON messages create an empty file at C:\Users\Jeferson\OneDrive\Dev\1Projetos\1_Practice\1 Beginner_Practices\SparkScalaCourse\hello-world\.metals\bsp.trace.json or C:\Users\Jeferson\AppData\Local\scalameta\metals\cache\bsp.trace.json
2022.06.02 22:30:18 INFO  Attempting to connect to the build server...
2022.06.02 22:30:18 INFO  tracing is disabled for protocol BSP, to enable tracing of incoming and outgoing JSON messages create an empty file at C:\Users\Jeferson\OneDrive\Dev\1Projetos\1_Practice\1 Beginner_Practices\SparkScalaCourse\hello-world\project\.metals\bsp.trace.json or C:\Users\Jeferson\AppData\Local\scalameta\metals\cache\bsp.trace.json
2022.06.02 22:30:18 INFO  time: Connected to build server in 0.19s
2022.06.02 22:30:18 INFO  Connected to Build server: Bloop v1.5.0
2022.06.02 22:30:18 INFO  time: Imported build in 0.15s
2022.06.02 22:30:22 INFO  time: indexed workspace in 3.79s
2022.06.02 22:31:01 INFO  shutting down Metals
2022.06.02 22:31:01 INFO  Shut down connection with build server.
2022.06.02 22:31:01 INFO  Shut down connection with build server.
